no change     /opt/apps/rhel7/anaconda3/5.1.0/condabin/conda
no change     /opt/apps/rhel7/anaconda3/5.1.0/bin/conda
no change     /opt/apps/rhel7/anaconda3/5.1.0/bin/conda-env
no change     /opt/apps/rhel7/anaconda3/5.1.0/bin/activate
no change     /opt/apps/rhel7/anaconda3/5.1.0/bin/deactivate
no change     /opt/apps/rhel7/anaconda3/5.1.0/etc/profile.d/conda.sh
no change     /opt/apps/rhel7/anaconda3/5.1.0/etc/fish/conf.d/conda.fish
no change     /opt/apps/rhel7/anaconda3/5.1.0/shell/condabin/Conda.psm1
no change     /opt/apps/rhel7/anaconda3/5.1.0/shell/condabin/conda-hook.ps1
no change     /opt/apps/rhel7/anaconda3/5.1.0/lib/python3.7/site-packages/xontrib/conda.xsh
no change     /opt/apps/rhel7/anaconda3/5.1.0/etc/profile.d/conda.csh
no change     /hpc/home/tw292/.bashrc
No action taken.
-----fail/hpc/group/cosmology/phy-lsst/public/dc2_sim_output/truth/coadd/dc2_index_50.48_-37.9.fits.gz
-----fail/hpc/group/cosmology/phy-lsst/public/dc2_sim_output/truth/coadd/dc2_index_50.48_-41.0.fits.gz
-----fail/hpc/group/cosmology/phy-lsst/public/dc2_sim_output/truth/coadd/dc2_index_50.49_-38.1.fits.gz
-----fail/hpc/group/cosmology/phy-lsst/public/dc2_sim_output/truth/coadd/dc2_index_50.49_-39.3.fits.gz
-----fail/hpc/group/cosmology/phy-lsst/public/dc2_sim_output/truth/coadd/dc2_index_50.50_-40.4.fits.gz
-----fail/hpc/group/cosmology/phy-lsst/public/dc2_sim_output/truth/coadd/dc2_index_50.51_-38.4.fits.gz
-----fail/hpc/group/cosmology/phy-lsst/public/dc2_sim_output/truth/coadd/dc2_index_50.51_-39.5.fits.gz
-----fail/hpc/group/cosmology/phy-lsst/public/dc2_sim_output/truth/coadd/dc2_index_50.51_-41.3.fits.gz
-----fail/hpc/group/cosmology/phy-lsst/public/dc2_sim_output/truth/coadd/dc2_index_50.52_-38.6.fits.gz
-----fail/hpc/group/cosmology/phy-lsst/public/dc2_sim_output/truth/coadd/dc2_index_50.52_-40.6.fits.gz
-----fail/hpc/group/cosmology/phy-lsst/public/dc2_sim_output/truth/coadd/dc2_index_50.52_-42.1.fits.gz
-----fail/hpc/group/cosmology/phy-lsst/public/dc2_sim_output/truth/coadd/dc2_index_50.53_-39.8.fits.gz
-----fail/hpc/group/cosmology/phy-lsst/public/dc2_sim_output/truth/coadd/dc2_index_50.53_-41.5.fits.gz
-----fail/hpc/group/cosmology/phy-lsst/public/dc2_sim_output/truth/coadd/dc2_index_50.54_-38.9.fits.gz
-----fail/hpc/group/cosmology/phy-lsst/public/dc2_sim_output/truth/coadd/dc2_index_50.55_-37.8.fits.gz
-----fail/hpc/group/cosmology/phy-lsst/public/dc2_sim_output/truth/coadd/dc2_index_50.55_-40.0.fits.gz
-----fail/hpc/group/cosmology/phy-lsst/public/dc2_sim_output/truth/coadd/dc2_index_50.55_-40.9.fits.gz
-----fail/hpc/group/cosmology/phy-lsst/public/dc2_sim_output/truth/coadd/dc2_index_50.56_-38.0.fits.gz
-----fail/hpc/group/cosmology/phy-lsst/public/dc2_sim_output/truth/coadd/dc2_index_50.56_-39.1.fits.gz
-----fail/hpc/group/cosmology/phy-lsst/public/dc2_sim_output/truth/coadd/dc2_index_50.56_-41.8.fits.gz
-----fail/hpc/group/cosmology/phy-lsst/public/dc2_sim_output/truth/coadd/dc2_index_50.56_-42.4.fits.gz
-----fail/hpc/group/cosmology/phy-lsst/public/dc2_sim_output/truth/coadd/dc2_index_50.57_-40.3.fits.gz
-----fail/hpc/group/cosmology/phy-lsst/public/dc2_sim_output/truth/coadd/dc2_index_50.58_-38.3.fits.gz
-----fail/hpc/group/cosmology/phy-lsst/public/dc2_sim_output/truth/coadd/dc2_index_50.58_-39.4.fits.gz
-----fail/hpc/group/cosmology/phy-lsst/public/dc2_sim_output/truth/coadd/dc2_index_50.58_-41.1.fits.gz
-----fail/hpc/group/cosmology/phy-lsst/public/dc2_sim_output/truth/coadd/dc2_index_50.59_-38.5.fits.gz
-----fail/hpc/group/cosmology/phy-lsst/public/dc2_sim_output/truth/coadd/dc2_index_50.59_-40.5.fits.gz
-----fail/hpc/group/cosmology/phy-lsst/public/dc2_sim_output/truth/coadd/dc2_index_50.59_-42.0.fits.gz
-----fail/hpc/group/cosmology/phy-lsst/public/dc2_sim_output/truth/coadd/dc2_index_50.60_-39.6.fits.gz
-----fail/hpc/group/cosmology/phy-lsst/public/dc2_sim_output/truth/coadd/dc2_index_50.60_-41.4.fits.gz
-----fail/hpc/group/cosmology/phy-lsst/public/dc2_sim_output/truth/coadd/dc2_index_50.61_-38.8.fits.gz
-----fail/hpc/group/cosmology/phy-lsst/public/dc2_sim_output/truth/coadd/dc2_index_50.62_-37.6.fits.gz
-----fail/hpc/group/cosmology/phy-lsst/public/dc2_sim_output/truth/coadd/dc2_index_50.62_-39.9.fits.gz
-----fail/hpc/group/cosmology/phy-lsst/public/dc2_sim_output/truth/coadd/dc2_index_50.62_-40.8.fits.gz
-----fail/hpc/group/cosmology/phy-lsst/public/dc2_sim_output/truth/coadd/dc2_index_50.62_-42.3.fits.gz
-----fail/hpc/group/cosmology/phy-lsst/public/dc2_sim_output/truth/coadd/dc2_index_50.63_-39.0.fits.gz
-----fail/hpc/group/cosmology/phy-lsst/public/dc2_sim_output/truth/coadd/dc2_index_50.63_-41.6.fits.gz
-----fail/hpc/group/cosmology/phy-lsst/public/dc2_sim_output/truth/coadd/dc2_index_50.64_-37.9.fits.gz
-----fail/hpc/group/cosmology/phy-lsst/public/dc2_sim_output/truth/coadd/dc2_index_50.64_-40.1.fits.gz
-----fail/hpc/group/cosmology/phy-lsst/public/dc2_sim_output/truth/coadd/dc2_index_50.65_-38.1.fits.gz
-----fail/hpc/group/cosmology/phy-lsst/public/dc2_sim_output/truth/coadd/dc2_index_50.65_-39.3.fits.gz
-----fail/hpc/group/cosmology/phy-lsst/public/dc2_sim_output/truth/coadd/dc2_index_50.65_-41.0.fits.gz
-----fail/hpc/group/cosmology/phy-lsst/public/dc2_sim_output/truth/coadd/dc2_index_50.66_-40.4.fits.gz
-----fail/hpc/group/cosmology/phy-lsst/public/dc2_sim_output/truth/coadd/dc2_index_50.66_-41.9.fits.gz
-----fail/hpc/group/cosmology/phy-lsst/public/dc2_sim_output/truth/coadd/dc2_index_50.67_-38.4.fits.gz
-----fail/hpc/group/cosmology/phy-lsst/public/dc2_sim_output/truth/coadd/dc2_index_50.67_-39.5.fits.gz
-----fail/hpc/group/cosmology/phy-lsst/public/dc2_sim_output/truth/coadd/dc2_index_50.67_-41.3.fits.gz
-----fail/hpc/group/cosmology/phy-lsst/public/dc2_sim_output/truth/coadd/dc2_index_50.68_-38.6.fits.gz
-----fail/hpc/group/cosmology/phy-lsst/public/dc2_sim_output/truth/coadd/dc2_index_50.69_-39.8.fits.gz
-----fail/hpc/group/cosmology/phy-lsst/public/dc2_sim_output/truth/coadd/dc2_index_50.69_-40.6.fits.gz
-----fail/hpc/group/cosmology/phy-lsst/public/dc2_sim_output/truth/coadd/dc2_index_50.69_-42.1.fits.gz
-----fail/hpc/group/cosmology/phy-lsst/public/dc2_sim_output/truth/coadd/dc2_index_50.70_-37.5.fits.gz
-----fail/hpc/group/cosmology/phy-lsst/public/dc2_sim_output/truth/coadd/dc2_index_50.70_-38.9.fits.gz
-----fail/hpc/group/cosmology/phy-lsst/public/dc2_sim_output/truth/coadd/dc2_index_50.70_-41.5.fits.gz
-----fail/hpc/group/cosmology/phy-lsst/public/dc2_sim_output/truth/coadd/dc2_index_50.71_-37.8.fits.gz
-----fail/hpc/group/cosmology/phy-lsst/public/dc2_sim_output/truth/coadd/dc2_index_50.71_-40.0.fits.gz
-----fail/hpc/group/cosmology/phy-lsst/public/dc2_sim_output/truth/coadd/dc2_index_50.71_-40.9.fits.gz
-----fail/hpc/group/cosmology/phy-lsst/public/dc2_sim_output/truth/coadd/dc2_index_50.72_-38.0.fits.gz
-----fail/hpc/group/cosmology/phy-lsst/public/dc2_sim_output/truth/coadd/dc2_index_50.72_-39.1.fits.gz
-----fail/hpc/group/cosmology/phy-lsst/public/dc2_sim_output/truth/coadd/dc2_index_50.73_-40.3.fits.gz
-----fail/hpc/group/cosmology/phy-lsst/public/dc2_sim_output/truth/coadd/dc2_index_50.73_-41.8.fits.gz
-----fail/hpc/group/cosmology/phy-lsst/public/dc2_sim_output/truth/coadd/dc2_index_50.73_-42.4.fits.gz
-----fail/hpc/group/cosmology/phy-lsst/public/dc2_sim_output/truth/coadd/dc2_index_50.74_-38.3.fits.gz
-----fail/hpc/group/cosmology/phy-lsst/public/dc2_sim_output/truth/coadd/dc2_index_50.74_-39.4.fits.gz
-----fail/hpc/group/cosmology/phy-lsst/public/dc2_sim_output/truth/coadd/dc2_index_50.74_-41.1.fits.gz
-----fail/hpc/group/cosmology/phy-lsst/public/dc2_sim_output/truth/coadd/dc2_index_50.75_-38.5.fits.gz
-----fail/hpc/group/cosmology/phy-lsst/public/dc2_sim_output/truth/coadd/dc2_index_50.76_-39.6.fits.gz
-----fail/hpc/group/cosmology/phy-lsst/public/dc2_sim_output/truth/coadd/dc2_index_50.76_-40.5.fits.gz
-----fail/hpc/group/cosmology/phy-lsst/public/dc2_sim_output/truth/coadd/dc2_index_50.76_-42.0.fits.gz
-----fail/hpc/group/cosmology/phy-lsst/public/dc2_sim_output/truth/coadd/dc2_index_50.77_-38.8.fits.gz
-----fail/hpc/group/cosmology/phy-lsst/public/dc2_sim_output/truth/coadd/dc2_index_50.77_-41.4.fits.gz
-----fail/hpc/group/cosmology/phy-lsst/public/dc2_sim_output/truth/coadd/dc2_index_50.78_-37.6.fits.gz
-----fail/hpc/group/cosmology/phy-lsst/public/dc2_sim_output/truth/coadd/dc2_index_50.78_-39.9.fits.gz
-----fail/hpc/group/cosmology/phy-lsst/public/dc2_sim_output/truth/coadd/dc2_index_50.78_-40.8.fits.gz
-----fail/hpc/group/cosmology/phy-lsst/public/dc2_sim_output/truth/coadd/dc2_index_50.79_-37.9.fits.gz
-----fail/hpc/group/cosmology/phy-lsst/public/dc2_sim_output/truth/coadd/dc2_index_50.79_-39.0.fits.gz
-----fail/hpc/group/cosmology/phy-lsst/public/dc2_sim_output/truth/coadd/dc2_index_50.79_-42.3.fits.gz
-----fail/hpc/group/cosmology/phy-lsst/public/dc2_sim_output/truth/coadd/dc2_index_50.80_-40.1.fits.gz
-----fail/hpc/group/cosmology/phy-lsst/public/dc2_sim_output/truth/coadd/dc2_index_50.80_-41.6.fits.gz
-----fail/hpc/group/cosmology/phy-lsst/public/dc2_sim_output/truth/coadd/dc2_index_50.81_-38.1.fits.gz
-----fail/hpc/group/cosmology/phy-lsst/public/dc2_sim_output/truth/coadd/dc2_index_50.81_-39.3.fits.gz
-----fail/hpc/group/cosmology/phy-lsst/public/dc2_sim_output/truth/coadd/dc2_index_50.81_-41.0.fits.gz
-----fail/hpc/group/cosmology/phy-lsst/public/dc2_sim_output/truth/coadd/dc2_index_50.83_-38.4.fits.gz
-----fail/hpc/group/cosmology/phy-lsst/public/dc2_sim_output/truth/coadd/dc2_index_50.83_-39.5.fits.gz
-----fail/hpc/group/cosmology/phy-lsst/public/dc2_sim_output/truth/coadd/dc2_index_50.83_-40.4.fits.gz
-----fail/hpc/group/cosmology/phy-lsst/public/dc2_sim_output/truth/coadd/dc2_index_50.83_-41.9.fits.gz
-----fail/hpc/group/cosmology/phy-lsst/public/dc2_sim_output/truth/coadd/dc2_index_50.84_-38.6.fits.gz
-----fail/hpc/group/cosmology/phy-lsst/public/dc2_sim_output/truth/coadd/dc2_index_50.84_-41.3.fits.gz
-----fail/hpc/group/cosmology/phy-lsst/public/dc2_sim_output/truth/coadd/dc2_index_50.85_-37.5.fits.gz
-----fail/hpc/group/cosmology/phy-lsst/public/dc2_sim_output/truth/coadd/dc2_index_50.85_-39.8.fits.gz
-----fail/hpc/group/cosmology/phy-lsst/public/dc2_sim_output/truth/coadd/dc2_index_50.85_-40.6.fits.gz
-----fail/hpc/group/cosmology/phy-lsst/public/dc2_sim_output/truth/coadd/dc2_index_50.86_-38.9.fits.gz
-----fail/hpc/group/cosmology/phy-lsst/public/dc2_sim_output/truth/coadd/dc2_index_50.86_-42.1.fits.gz
-----fail/hpc/group/cosmology/phy-lsst/public/dc2_sim_output/truth/coadd/dc2_index_50.87_-37.8.fits.gz
-----fail/hpc/group/cosmology/phy-lsst/public/dc2_sim_output/truth/coadd/dc2_index_50.87_-40.0.fits.gz
-----fail/hpc/group/cosmology/phy-lsst/public/dc2_sim_output/truth/coadd/dc2_index_50.87_-41.5.fits.gz
-----fail/hpc/group/cosmology/phy-lsst/public/dc2_sim_output/truth/coadd/dc2_index_50.88_-38.0.fits.gz
-----fail/hpc/group/cosmology/phy-lsst/public/dc2_sim_output/truth/coadd/dc2_index_50.88_-39.1.fits.gz
-----fail/hpc/group/cosmology/phy-lsst/public/dc2_sim_output/truth/coadd/dc2_index_50.88_-40.9.fits.gz
-----fail/hpc/group/cosmology/phy-lsst/public/dc2_sim_output/truth/coadd/dc2_index_50.90_-38.3.fits.gz
-----fail/hpc/group/cosmology/phy-lsst/public/dc2_sim_output/truth/coadd/dc2_index_50.90_-39.4.fits.gz
-----fail/hpc/group/cosmology/phy-lsst/public/dc2_sim_output/truth/coadd/dc2_index_50.90_-40.3.fits.gz
-----fail/hpc/group/cosmology/phy-lsst/public/dc2_sim_output/truth/coadd/dc2_index_50.90_-41.8.fits.gz
-----fail/hpc/group/cosmology/phy-lsst/public/dc2_sim_output/truth/coadd/dc2_index_50.90_-42.4.fits.gz
-----fail/hpc/group/cosmology/phy-lsst/public/dc2_sim_output/truth/coadd/dc2_index_50.91_-38.5.fits.gz
-----fail/hpc/group/cosmology/phy-lsst/public/dc2_sim_output/truth/coadd/dc2_index_50.91_-41.1.fits.gz
-----fail/hpc/group/cosmology/phy-lsst/public/dc2_sim_output/truth/coadd/dc2_index_50.92_-39.6.fits.gz
-----fail/hpc/group/cosmology/phy-lsst/public/dc2_sim_output/truth/coadd/dc2_index_50.92_-40.5.fits.gz
test
-----fail/hpc/group/cosmology/phy-lsst/public/dc2_sim_output/truth/coadd/dc2_index_50.94_-37.6.fits.gz
-----fail/hpc/group/cosmology/phy-lsst/public/dc2_sim_output/truth/coadd/dc2_index_50.95_-37.9.fits.gz
-----fail/hpc/group/cosmology/phy-lsst/public/dc2_sim_output/truth/coadd/dc2_index_50.96_-42.3.fits.gz
-----fail/hpc/group/cosmology/phy-lsst/public/dc2_sim_output/truth/coadd/dc2_index_51.01_-37.5.fits.gz
-----fail/hpc/group/cosmology/phy-lsst/public/dc2_sim_output/truth/coadd/dc2_index_51.03_-37.8.fits.gz
-----fail/hpc/group/cosmology/phy-lsst/public/dc2_sim_output/truth/coadd/dc2_index_51.03_-42.1.fits.gz
-----fail/hpc/group/cosmology/phy-lsst/public/dc2_sim_output/truth/coadd/dc2_index_51.06_-42.4.fits.gz
-----fail/hpc/group/cosmology/phy-lsst/public/dc2_sim_output/truth/coadd/dc2_index_51.10_-37.6.fits.gz
-----fail/hpc/group/cosmology/phy-lsst/public/dc2_sim_output/truth/coadd/dc2_index_51.11_-37.9.fits.gz
-----fail/hpc/group/cosmology/phy-lsst/public/dc2_sim_output/truth/coadd/dc2_index_51.13_-42.3.fits.gz
-----fail/hpc/group/cosmology/phy-lsst/public/dc2_sim_output/truth/coadd/dc2_index_51.17_-37.5.fits.gz
-----fail/hpc/group/cosmology/phy-lsst/public/dc2_sim_output/truth/coadd/dc2_index_51.18_-37.8.fits.gz
-----fail/hpc/group/cosmology/phy-lsst/public/dc2_sim_output/truth/coadd/dc2_index_51.20_-42.1.fits.gz
-----fail/hpc/group/cosmology/phy-lsst/public/dc2_sim_output/truth/coadd/dc2_index_51.23_-42.4.fits.gz
-----fail/hpc/group/cosmology/phy-lsst/public/dc2_sim_output/truth/coadd/dc2_index_51.25_-37.6.fits.gz
-----fail/hpc/group/cosmology/phy-lsst/public/dc2_sim_output/truth/coadd/dc2_index_51.27_-37.9.fits.gz
-----fail/hpc/group/cosmology/phy-lsst/public/dc2_sim_output/truth/coadd/dc2_index_51.30_-42.3.fits.gz
-----fail/hpc/group/cosmology/phy-lsst/public/dc2_sim_output/truth/coadd/dc2_index_51.33_-37.5.fits.gz
-----fail/hpc/group/cosmology/phy-lsst/public/dc2_sim_output/truth/coadd/dc2_index_51.34_-37.8.fits.gz
-----fail/hpc/group/cosmology/phy-lsst/public/dc2_sim_output/truth/coadd/dc2_index_51.37_-42.1.fits.gz
-----fail/hpc/group/cosmology/phy-lsst/public/dc2_sim_output/truth/coadd/dc2_index_51.40_-42.4.fits.gz
-----fail/hpc/group/cosmology/phy-lsst/public/dc2_sim_output/truth/coadd/dc2_index_51.41_-37.6.fits.gz
-----fail/hpc/group/cosmology/phy-lsst/public/dc2_sim_output/truth/coadd/dc2_index_51.43_-37.9.fits.gz
-----fail/hpc/group/cosmology/phy-lsst/public/dc2_sim_output/truth/coadd/dc2_index_51.47_-42.3.fits.gz
-----fail/hpc/group/cosmology/phy-lsst/public/dc2_sim_output/truth/coadd/dc2_index_51.48_-37.5.fits.gz
-----fail/hpc/group/cosmology/phy-lsst/public/dc2_sim_output/truth/coadd/dc2_index_51.50_-37.8.fits.gz
-----fail/hpc/group/cosmology/phy-lsst/public/dc2_sim_output/truth/coadd/dc2_index_51.54_-42.1.fits.gz
-----fail/hpc/group/cosmology/phy-lsst/public/dc2_sim_output/truth/coadd/dc2_index_51.57_-37.6.fits.gz
-----fail/hpc/group/cosmology/phy-lsst/public/dc2_sim_output/truth/coadd/dc2_index_51.57_-42.4.fits.gz
-----fail/hpc/group/cosmology/phy-lsst/public/dc2_sim_output/truth/coadd/dc2_index_51.59_-37.9.fits.gz
-----fail/hpc/group/cosmology/phy-lsst/public/dc2_sim_output/truth/coadd/dc2_index_51.64_-37.5.fits.gz
-----fail/hpc/group/cosmology/phy-lsst/public/dc2_sim_output/truth/coadd/dc2_index_51.64_-42.3.fits.gz
-----fail/hpc/group/cosmology/phy-lsst/public/dc2_sim_output/truth/coadd/dc2_index_51.66_-37.8.fits.gz
-----fail/hpc/group/cosmology/phy-lsst/public/dc2_sim_output/truth/coadd/dc2_index_51.71_-42.1.fits.gz
-----fail/hpc/group/cosmology/phy-lsst/public/dc2_sim_output/truth/coadd/dc2_index_51.73_-37.6.fits.gz
-----fail/hpc/group/cosmology/phy-lsst/public/dc2_sim_output/truth/coadd/dc2_index_51.74_-42.4.fits.gz
-----fail/hpc/group/cosmology/phy-lsst/public/dc2_sim_output/truth/coadd/dc2_index_51.75_-37.9.fits.gz
-----fail/hpc/group/cosmology/phy-lsst/public/dc2_sim_output/truth/coadd/dc2_index_51.80_-37.5.fits.gz
-----fail/hpc/group/cosmology/phy-lsst/public/dc2_sim_output/truth/coadd/dc2_index_51.81_-42.3.fits.gz
-----fail/hpc/group/cosmology/phy-lsst/public/dc2_sim_output/truth/coadd/dc2_index_51.82_-37.8.fits.gz
-----fail/hpc/group/cosmology/phy-lsst/public/dc2_sim_output/truth/coadd/dc2_index_51.87_-42.1.fits.gz
-----fail/hpc/group/cosmology/phy-lsst/public/dc2_sim_output/truth/coadd/dc2_index_51.89_-37.6.fits.gz
-----fail/hpc/group/cosmology/phy-lsst/public/dc2_sim_output/truth/coadd/dc2_index_51.90_-37.9.fits.gz
-----fail/hpc/group/cosmology/phy-lsst/public/dc2_sim_output/truth/coadd/dc2_index_51.91_-42.4.fits.gz
-----fail/hpc/group/cosmology/phy-lsst/public/dc2_sim_output/truth/coadd/dc2_index_51.96_-37.5.fits.gz
-----fail/hpc/group/cosmology/phy-lsst/public/dc2_sim_output/truth/coadd/dc2_index_51.97_-37.8.fits.gz
-----fail/hpc/group/cosmology/phy-lsst/public/dc2_sim_output/truth/coadd/dc2_index_51.98_-42.3.fits.gz
-----fail/hpc/group/cosmology/phy-lsst/public/dc2_sim_output/truth/coadd/dc2_index_52.04_-37.6.fits.gz
-----fail/hpc/group/cosmology/phy-lsst/public/dc2_sim_output/truth/coadd/dc2_index_52.04_-42.1.fits.gz
-----fail/hpc/group/cosmology/phy-lsst/public/dc2_sim_output/truth/coadd/dc2_index_52.06_-37.9.fits.gz
-----fail/hpc/group/cosmology/phy-lsst/public/dc2_sim_output/truth/coadd/dc2_index_52.08_-42.4.fits.gz
-----fail/hpc/group/cosmology/phy-lsst/public/dc2_sim_output/truth/coadd/dc2_index_52.11_-37.5.fits.gz
-----fail/hpc/group/cosmology/phy-lsst/public/dc2_sim_output/truth/coadd/dc2_index_52.13_-37.8.fits.gz
-----fail/hpc/group/cosmology/phy-lsst/public/dc2_sim_output/truth/coadd/dc2_index_52.15_-42.3.fits.gz
-----fail/hpc/group/cosmology/phy-lsst/public/dc2_sim_output/truth/coadd/dc2_index_52.20_-37.6.fits.gz
-----fail/hpc/group/cosmology/phy-lsst/public/dc2_sim_output/truth/coadd/dc2_index_52.21_-42.1.fits.gz
-----fail/hpc/group/cosmology/phy-lsst/public/dc2_sim_output/truth/coadd/dc2_index_52.22_-37.9.fits.gz
-----fail/hpc/group/cosmology/phy-lsst/public/dc2_sim_output/truth/coadd/dc2_index_52.25_-42.4.fits.gz
-----fail/hpc/group/cosmology/phy-lsst/public/dc2_sim_output/truth/coadd/dc2_index_52.27_-37.5.fits.gz
-----fail/hpc/group/cosmology/phy-lsst/public/dc2_sim_output/truth/coadd/dc2_index_52.29_-37.8.fits.gz
-----fail/hpc/group/cosmology/phy-lsst/public/dc2_sim_output/truth/coadd/dc2_index_52.32_-42.3.fits.gz
-----fail/hpc/group/cosmology/phy-lsst/public/dc2_sim_output/truth/coadd/dc2_index_52.36_-37.6.fits.gz
-----fail/hpc/group/cosmology/phy-lsst/public/dc2_sim_output/truth/coadd/dc2_index_52.38_-37.9.fits.gz
-----fail/hpc/group/cosmology/phy-lsst/public/dc2_sim_output/truth/coadd/dc2_index_52.38_-42.1.fits.gz
-----fail/hpc/group/cosmology/phy-lsst/public/dc2_sim_output/truth/coadd/dc2_index_52.42_-42.4.fits.gz
-----fail/hpc/group/cosmology/phy-lsst/public/dc2_sim_output/truth/coadd/dc2_index_52.43_-37.5.fits.gz
-----fail/hpc/group/cosmology/phy-lsst/public/dc2_sim_output/truth/coadd/dc2_index_52.45_-37.8.fits.gz
-----fail/hpc/group/cosmology/phy-lsst/public/dc2_sim_output/truth/coadd/dc2_index_52.48_-42.3.fits.gz
-----fail/hpc/group/cosmology/phy-lsst/public/dc2_sim_output/truth/coadd/dc2_index_52.52_-37.6.fits.gz
-----fail/hpc/group/cosmology/phy-lsst/public/dc2_sim_output/truth/coadd/dc2_index_52.54_-37.9.fits.gz
-----fail/hpc/group/cosmology/phy-lsst/public/dc2_sim_output/truth/coadd/dc2_index_52.55_-42.1.fits.gz
-----fail/hpc/group/cosmology/phy-lsst/public/dc2_sim_output/truth/coadd/dc2_index_52.59_-37.5.fits.gz
-----fail/hpc/group/cosmology/phy-lsst/public/dc2_sim_output/truth/coadd/dc2_index_52.59_-42.4.fits.gz
-----fail/hpc/group/cosmology/phy-lsst/public/dc2_sim_output/truth/coadd/dc2_index_52.61_-37.8.fits.gz
-----fail/hpc/group/cosmology/phy-lsst/public/dc2_sim_output/truth/coadd/dc2_index_52.65_-42.3.fits.gz
-----fail/hpc/group/cosmology/phy-lsst/public/dc2_sim_output/truth/coadd/dc2_index_52.68_-37.6.fits.gz
-----fail/hpc/group/cosmology/phy-lsst/public/dc2_sim_output/truth/coadd/dc2_index_52.70_-37.9.fits.gz
-----fail/hpc/group/cosmology/phy-lsst/public/dc2_sim_output/truth/coadd/dc2_index_52.72_-42.1.fits.gz
-----fail/hpc/group/cosmology/phy-lsst/public/dc2_sim_output/truth/coadd/dc2_index_52.75_-37.5.fits.gz
-----fail/hpc/group/cosmology/phy-lsst/public/dc2_sim_output/truth/coadd/dc2_index_52.76_-42.4.fits.gz
-----fail/hpc/group/cosmology/phy-lsst/public/dc2_sim_output/truth/coadd/dc2_index_52.77_-37.8.fits.gz
-----fail/hpc/group/cosmology/phy-lsst/public/dc2_sim_output/truth/coadd/dc2_index_52.82_-42.3.fits.gz
-----fail/hpc/group/cosmology/phy-lsst/public/dc2_sim_output/truth/coadd/dc2_index_52.83_-37.6.fits.gz
-----fail/hpc/group/cosmology/phy-lsst/public/dc2_sim_output/truth/coadd/dc2_index_52.86_-37.9.fits.gz
-----fail/hpc/group/cosmology/phy-lsst/public/dc2_sim_output/truth/coadd/dc2_index_52.89_-42.1.fits.gz
-----fail/hpc/group/cosmology/phy-lsst/public/dc2_sim_output/truth/coadd/dc2_index_52.90_-37.5.fits.gz
-----fail/hpc/group/cosmology/phy-lsst/public/dc2_sim_output/truth/coadd/dc2_index_52.92_-37.8.fits.gz
-----fail/hpc/group/cosmology/phy-lsst/public/dc2_sim_output/truth/coadd/dc2_index_52.93_-42.4.fits.gz
-----fail/hpc/group/cosmology/phy-lsst/public/dc2_sim_output/truth/coadd/dc2_index_52.99_-37.6.fits.gz
-----fail/hpc/group/cosmology/phy-lsst/public/dc2_sim_output/truth/coadd/dc2_index_52.99_-42.3.fits.gz
-----fail/hpc/group/cosmology/phy-lsst/public/dc2_sim_output/truth/coadd/dc2_index_53.01_-37.9.fits.gz
-----fail/hpc/group/cosmology/phy-lsst/public/dc2_sim_output/truth/coadd/dc2_index_53.06_-37.5.fits.gz
-----fail/hpc/group/cosmology/phy-lsst/public/dc2_sim_output/truth/coadd/dc2_index_53.06_-42.1.fits.gz
-----fail/hpc/group/cosmology/phy-lsst/public/dc2_sim_output/truth/coadd/dc2_index_53.08_-37.8.fits.gz
-----fail/hpc/group/cosmology/phy-lsst/public/dc2_sim_output/truth/coadd/dc2_index_53.10_-42.4.fits.gz
-----fail/hpc/group/cosmology/phy-lsst/public/dc2_sim_output/truth/coadd/dc2_index_53.12_-42.0.fits.gz
-----fail/hpc/group/cosmology/phy-lsst/public/dc2_sim_output/truth/coadd/dc2_index_53.15_-37.6.fits.gz
-----fail/hpc/group/cosmology/phy-lsst/public/dc2_sim_output/truth/coadd/dc2_index_53.16_-42.3.fits.gz
-----fail/hpc/group/cosmology/phy-lsst/public/dc2_sim_output/truth/coadd/dc2_index_53.17_-37.9.fits.gz
-----fail/hpc/group/cosmology/phy-lsst/public/dc2_sim_output/truth/coadd/dc2_index_53.22_-37.5.fits.gz
-----fail/hpc/group/cosmology/phy-lsst/public/dc2_sim_output/truth/coadd/dc2_index_53.22_-42.1.fits.gz
-----fail/hpc/group/cosmology/phy-lsst/public/dc2_sim_output/truth/coadd/dc2_index_53.24_-37.8.fits.gz
-----fail/hpc/group/cosmology/phy-lsst/public/dc2_sim_output/truth/coadd/dc2_index_53.27_-42.4.fits.gz
-----fail/hpc/group/cosmology/phy-lsst/public/dc2_sim_output/truth/coadd/dc2_index_53.31_-37.6.fits.gz
-----fail/hpc/group/cosmology/phy-lsst/public/dc2_sim_output/truth/coadd/dc2_index_53.33_-37.9.fits.gz
-----fail/hpc/group/cosmology/phy-lsst/public/dc2_sim_output/truth/coadd/dc2_index_53.33_-42.3.fits.gz
-----fail/hpc/group/cosmology/phy-lsst/public/dc2_sim_output/truth/coadd/dc2_index_53.38_-37.5.fits.gz
-----fail/hpc/group/cosmology/phy-lsst/public/dc2_sim_output/truth/coadd/dc2_index_53.39_-42.1.fits.gz
-----fail/hpc/group/cosmology/phy-lsst/public/dc2_sim_output/truth/coadd/dc2_index_53.40_-37.8.fits.gz
-----fail/hpc/group/cosmology/phy-lsst/public/dc2_sim_output/truth/coadd/dc2_index_53.44_-42.4.fits.gz
-----fail/hpc/group/cosmology/phy-lsst/public/dc2_sim_output/truth/coadd/dc2_index_53.47_-37.6.fits.gz
-----fail/hpc/group/cosmology/phy-lsst/public/dc2_sim_output/truth/coadd/dc2_index_53.49_-37.9.fits.gz
-----fail/hpc/group/cosmology/phy-lsst/public/dc2_sim_output/truth/coadd/dc2_index_53.50_-42.3.fits.gz
-----fail/hpc/group/cosmology/phy-lsst/public/dc2_sim_output/truth/coadd/dc2_index_53.53_-37.5.fits.gz
-----fail/hpc/group/cosmology/phy-lsst/public/dc2_sim_output/truth/coadd/dc2_index_53.56_-37.8.fits.gz
-----fail/hpc/group/cosmology/phy-lsst/public/dc2_sim_output/truth/coadd/dc2_index_53.56_-42.1.fits.gz
-----fail/hpc/group/cosmology/phy-lsst/public/dc2_sim_output/truth/coadd/dc2_index_53.60_-42.4.fits.gz
-----fail/hpc/group/cosmology/phy-lsst/public/dc2_sim_output/truth/coadd/dc2_index_53.62_-37.6.fits.gz
-----fail/hpc/group/cosmology/phy-lsst/public/dc2_sim_output/truth/coadd/dc2_index_53.65_-37.9.fits.gz
-----fail/hpc/group/cosmology/phy-lsst/public/dc2_sim_output/truth/coadd/dc2_index_53.67_-42.3.fits.gz
-----fail/hpc/group/cosmology/phy-lsst/public/dc2_sim_output/truth/coadd/dc2_index_53.69_-37.5.fits.gz
-----fail/hpc/group/cosmology/phy-lsst/public/dc2_sim_output/truth/coadd/dc2_index_53.71_-37.8.fits.gz
-----fail/hpc/group/cosmology/phy-lsst/public/dc2_sim_output/truth/coadd/dc2_index_53.73_-42.1.fits.gz
-----fail/hpc/group/cosmology/phy-lsst/public/dc2_sim_output/truth/coadd/dc2_index_53.77_-42.4.fits.gz
-----fail/hpc/group/cosmology/phy-lsst/public/dc2_sim_output/truth/coadd/dc2_index_53.78_-37.6.fits.gz
-----fail/hpc/group/cosmology/phy-lsst/public/dc2_sim_output/truth/coadd/dc2_index_53.81_-37.9.fits.gz
-----fail/hpc/group/cosmology/phy-lsst/public/dc2_sim_output/truth/coadd/dc2_index_53.84_-42.3.fits.gz
-----fail/hpc/group/cosmology/phy-lsst/public/dc2_sim_output/truth/coadd/dc2_index_53.85_-37.5.fits.gz
-----fail/hpc/group/cosmology/phy-lsst/public/dc2_sim_output/truth/coadd/dc2_index_53.87_-37.8.fits.gz
-----fail/hpc/group/cosmology/phy-lsst/public/dc2_sim_output/truth/coadd/dc2_index_53.90_-42.1.fits.gz
-----fail/hpc/group/cosmology/phy-lsst/public/dc2_sim_output/truth/coadd/dc2_index_53.94_-37.6.fits.gz
-----fail/hpc/group/cosmology/phy-lsst/public/dc2_sim_output/truth/coadd/dc2_index_53.94_-42.4.fits.gz
-----fail/hpc/group/cosmology/phy-lsst/public/dc2_sim_output/truth/coadd/dc2_index_53.96_-37.9.fits.gz
-----fail/hpc/group/cosmology/phy-lsst/public/dc2_sim_output/truth/coadd/dc2_index_54.01_-37.5.fits.gz
-----fail/hpc/group/cosmology/phy-lsst/public/dc2_sim_output/truth/coadd/dc2_index_54.01_-42.3.fits.gz
-----fail/hpc/group/cosmology/phy-lsst/public/dc2_sim_output/truth/coadd/dc2_index_54.03_-37.8.fits.gz
-----fail/hpc/group/cosmology/phy-lsst/public/dc2_sim_output/truth/coadd/dc2_index_54.07_-42.1.fits.gz
-----fail/hpc/group/cosmology/phy-lsst/public/dc2_sim_output/truth/coadd/dc2_index_54.10_-37.6.fits.gz
-----fail/hpc/group/cosmology/phy-lsst/public/dc2_sim_output/truth/coadd/dc2_index_54.11_-42.4.fits.gz
-----fail/hpc/group/cosmology/phy-lsst/public/dc2_sim_output/truth/coadd/dc2_index_54.12_-37.9.fits.gz
-----fail/hpc/group/cosmology/phy-lsst/public/dc2_sim_output/truth/coadd/dc2_index_54.16_-37.5.fits.gz
-----fail/hpc/group/cosmology/phy-lsst/public/dc2_sim_output/truth/coadd/dc2_index_54.17_-42.3.fits.gz
-----fail/hpc/group/cosmology/phy-lsst/public/dc2_sim_output/truth/coadd/dc2_index_54.19_-37.8.fits.gz
-----fail/hpc/group/cosmology/phy-lsst/public/dc2_sim_output/truth/coadd/dc2_index_54.24_-42.1.fits.gz
-----fail/hpc/group/cosmology/phy-lsst/public/dc2_sim_output/truth/coadd/dc2_index_54.26_-37.6.fits.gz
-----fail/hpc/group/cosmology/phy-lsst/public/dc2_sim_output/truth/coadd/dc2_index_54.28_-37.9.fits.gz
-----fail/hpc/group/cosmology/phy-lsst/public/dc2_sim_output/truth/coadd/dc2_index_54.28_-42.4.fits.gz
-----fail/hpc/group/cosmology/phy-lsst/public/dc2_sim_output/truth/coadd/dc2_index_54.32_-37.5.fits.gz
-----fail/hpc/group/cosmology/phy-lsst/public/dc2_sim_output/truth/coadd/dc2_index_54.34_-42.3.fits.gz
-----fail/hpc/group/cosmology/phy-lsst/public/dc2_sim_output/truth/coadd/dc2_index_54.35_-37.8.fits.gz
-----fail/hpc/group/cosmology/phy-lsst/public/dc2_sim_output/truth/coadd/dc2_index_54.40_-42.1.fits.gz
-----fail/hpc/group/cosmology/phy-lsst/public/dc2_sim_output/truth/coadd/dc2_index_54.41_-37.6.fits.gz
-----fail/hpc/group/cosmology/phy-lsst/public/dc2_sim_output/truth/coadd/dc2_index_54.44_-37.9.fits.gz
-----fail/hpc/group/cosmology/phy-lsst/public/dc2_sim_output/truth/coadd/dc2_index_54.45_-42.4.fits.gz
-----fail/hpc/group/cosmology/phy-lsst/public/dc2_sim_output/truth/coadd/dc2_index_54.48_-37.5.fits.gz
-----fail/hpc/group/cosmology/phy-lsst/public/dc2_sim_output/truth/coadd/dc2_index_54.51_-37.8.fits.gz
-----fail/hpc/group/cosmology/phy-lsst/public/dc2_sim_output/truth/coadd/dc2_index_54.51_-42.3.fits.gz
-----fail/hpc/group/cosmology/phy-lsst/public/dc2_sim_output/truth/coadd/dc2_index_54.57_-37.6.fits.gz
-----fail/hpc/group/cosmology/phy-lsst/public/dc2_sim_output/truth/coadd/dc2_index_54.57_-42.1.fits.gz
-----fail/hpc/group/cosmology/phy-lsst/public/dc2_sim_output/truth/coadd/dc2_index_54.60_-37.9.fits.gz
-----fail/hpc/group/cosmology/phy-lsst/public/dc2_sim_output/truth/coadd/dc2_index_54.62_-42.4.fits.gz
-----fail/hpc/group/cosmology/phy-lsst/public/dc2_sim_output/truth/coadd/dc2_index_54.64_-37.5.fits.gz
-----fail/hpc/group/cosmology/phy-lsst/public/dc2_sim_output/truth/coadd/dc2_index_54.66_-37.8.fits.gz
-----fail/hpc/group/cosmology/phy-lsst/public/dc2_sim_output/truth/coadd/dc2_index_54.68_-42.3.fits.gz
-----fail/hpc/group/cosmology/phy-lsst/public/dc2_sim_output/truth/coadd/dc2_index_54.73_-37.6.fits.gz
-----fail/hpc/group/cosmology/phy-lsst/public/dc2_sim_output/truth/coadd/dc2_index_54.74_-42.1.fits.gz
-----fail/hpc/group/cosmology/phy-lsst/public/dc2_sim_output/truth/coadd/dc2_index_54.76_-37.9.fits.gz
-----fail/hpc/group/cosmology/phy-lsst/public/dc2_sim_output/truth/coadd/dc2_index_54.79_-42.4.fits.gz
-----fail/hpc/group/cosmology/phy-lsst/public/dc2_sim_output/truth/coadd/dc2_index_54.80_-37.5.fits.gz
-----fail/hpc/group/cosmology/phy-lsst/public/dc2_sim_output/truth/coadd/dc2_index_54.82_-37.8.fits.gz
-----fail/hpc/group/cosmology/phy-lsst/public/dc2_sim_output/truth/coadd/dc2_index_54.85_-42.3.fits.gz
-----fail/hpc/group/cosmology/phy-lsst/public/dc2_sim_output/truth/coadd/dc2_index_54.89_-37.6.fits.gz
-----fail/hpc/group/cosmology/phy-lsst/public/dc2_sim_output/truth/coadd/dc2_index_54.91_-42.1.fits.gz
-----fail/hpc/group/cosmology/phy-lsst/public/dc2_sim_output/truth/coadd/dc2_index_54.92_-37.9.fits.gz
-----fail/hpc/group/cosmology/phy-lsst/public/dc2_sim_output/truth/coadd/dc2_index_54.95_-37.5.fits.gz
-----fail/hpc/group/cosmology/phy-lsst/public/dc2_sim_output/truth/coadd/dc2_index_54.96_-42.4.fits.gz
-----fail/hpc/group/cosmology/phy-lsst/public/dc2_sim_output/truth/coadd/dc2_index_54.98_-37.8.fits.gz
-----fail/hpc/group/cosmology/phy-lsst/public/dc2_sim_output/truth/coadd/dc2_index_55.02_-42.3.fits.gz
-----fail/hpc/group/cosmology/phy-lsst/public/dc2_sim_output/truth/coadd/dc2_index_55.05_-37.6.fits.gz
-----fail/hpc/group/cosmology/phy-lsst/public/dc2_sim_output/truth/coadd/dc2_index_55.07_-37.9.fits.gz
-----fail/hpc/group/cosmology/phy-lsst/public/dc2_sim_output/truth/coadd/dc2_index_55.08_-42.1.fits.gz
-----fail/hpc/group/cosmology/phy-lsst/public/dc2_sim_output/truth/coadd/dc2_index_55.11_-37.5.fits.gz
-----fail/hpc/group/cosmology/phy-lsst/public/dc2_sim_output/truth/coadd/dc2_index_55.13_-42.4.fits.gz
-----fail/hpc/group/cosmology/phy-lsst/public/dc2_sim_output/truth/coadd/dc2_index_55.14_-37.8.fits.gz
-----fail/hpc/group/cosmology/phy-lsst/public/dc2_sim_output/truth/coadd/dc2_index_55.19_-42.3.fits.gz
-----fail/hpc/group/cosmology/phy-lsst/public/dc2_sim_output/truth/coadd/dc2_index_55.20_-37.6.fits.gz
-----fail/hpc/group/cosmology/phy-lsst/public/dc2_sim_output/truth/coadd/dc2_index_55.23_-37.9.fits.gz
-----fail/hpc/group/cosmology/phy-lsst/public/dc2_sim_output/truth/coadd/dc2_index_55.25_-42.1.fits.gz
-----fail/hpc/group/cosmology/phy-lsst/public/dc2_sim_output/truth/coadd/dc2_index_55.27_-37.5.fits.gz
-----fail/hpc/group/cosmology/phy-lsst/public/dc2_sim_output/truth/coadd/dc2_index_55.30_-37.8.fits.gz
-----fail/hpc/group/cosmology/phy-lsst/public/dc2_sim_output/truth/coadd/dc2_index_55.30_-42.4.fits.gz
-----fail/hpc/group/cosmology/phy-lsst/public/dc2_sim_output/truth/coadd/dc2_index_55.36_-37.6.fits.gz
-----fail/hpc/group/cosmology/phy-lsst/public/dc2_sim_output/truth/coadd/dc2_index_55.36_-42.3.fits.gz
-----fail/hpc/group/cosmology/phy-lsst/public/dc2_sim_output/truth/coadd/dc2_index_55.39_-37.9.fits.gz
-----fail/hpc/group/cosmology/phy-lsst/public/dc2_sim_output/truth/coadd/dc2_index_55.42_-42.1.fits.gz
-----fail/hpc/group/cosmology/phy-lsst/public/dc2_sim_output/truth/coadd/dc2_index_55.43_-37.5.fits.gz
-----fail/hpc/group/cosmology/phy-lsst/public/dc2_sim_output/truth/coadd/dc2_index_55.46_-37.8.fits.gz
-----fail/hpc/group/cosmology/phy-lsst/public/dc2_sim_output/truth/coadd/dc2_index_55.47_-42.4.fits.gz
-----fail/hpc/group/cosmology/phy-lsst/public/dc2_sim_output/truth/coadd/dc2_index_55.52_-37.6.fits.gz
-----fail/hpc/group/cosmology/phy-lsst/public/dc2_sim_output/truth/coadd/dc2_index_55.53_-42.3.fits.gz
-----fail/hpc/group/cosmology/phy-lsst/public/dc2_sim_output/truth/coadd/dc2_index_55.55_-37.9.fits.gz
-----fail/hpc/group/cosmology/phy-lsst/public/dc2_sim_output/truth/coadd/dc2_index_55.58_-37.5.fits.gz
-----fail/hpc/group/cosmology/phy-lsst/public/dc2_sim_output/truth/coadd/dc2_index_55.59_-42.1.fits.gz
-----fail/hpc/group/cosmology/phy-lsst/public/dc2_sim_output/truth/coadd/dc2_index_55.61_-37.8.fits.gz
-----fail/hpc/group/cosmology/phy-lsst/public/dc2_sim_output/truth/coadd/dc2_index_55.64_-42.4.fits.gz
-----fail/hpc/group/cosmology/phy-lsst/public/dc2_sim_output/truth/coadd/dc2_index_55.68_-37.6.fits.gz
-----fail/hpc/group/cosmology/phy-lsst/public/dc2_sim_output/truth/coadd/dc2_index_55.70_-42.3.fits.gz
-----fail/hpc/group/cosmology/phy-lsst/public/dc2_sim_output/truth/coadd/dc2_index_55.71_-37.9.fits.gz
-----fail/hpc/group/cosmology/phy-lsst/public/dc2_sim_output/truth/coadd/dc2_index_55.74_-37.5.fits.gz
-----fail/hpc/group/cosmology/phy-lsst/public/dc2_sim_output/truth/coadd/dc2_index_55.75_-42.1.fits.gz
-----fail/hpc/group/cosmology/phy-lsst/public/dc2_sim_output/truth/coadd/dc2_index_55.77_-37.8.fits.gz
-----fail/hpc/group/cosmology/phy-lsst/public/dc2_sim_output/truth/coadd/dc2_index_55.81_-42.4.fits.gz
-----fail/hpc/group/cosmology/phy-lsst/public/dc2_sim_output/truth/coadd/dc2_index_55.84_-37.6.fits.gz
-----fail/hpc/group/cosmology/phy-lsst/public/dc2_sim_output/truth/coadd/dc2_index_55.86_-42.3.fits.gz
-----fail/hpc/group/cosmology/phy-lsst/public/dc2_sim_output/truth/coadd/dc2_index_55.87_-37.9.fits.gz
-----fail/hpc/group/cosmology/phy-lsst/public/dc2_sim_output/truth/coadd/dc2_index_55.90_-37.5.fits.gz
-----fail/hpc/group/cosmology/phy-lsst/public/dc2_sim_output/truth/coadd/dc2_index_55.92_-42.1.fits.gz
-----fail/hpc/group/cosmology/phy-lsst/public/dc2_sim_output/truth/coadd/dc2_index_55.93_-37.8.fits.gz
-----fail/hpc/group/cosmology/phy-lsst/public/dc2_sim_output/truth/coadd/dc2_index_55.98_-42.4.fits.gz
-----fail/hpc/group/cosmology/phy-lsst/public/dc2_sim_output/truth/coadd/dc2_index_55.99_-37.6.fits.gz
-----fail/hpc/group/cosmology/phy-lsst/public/dc2_sim_output/truth/coadd/dc2_index_56.02_-37.9.fits.gz
-----fail/hpc/group/cosmology/phy-lsst/public/dc2_sim_output/truth/coadd/dc2_index_56.03_-42.3.fits.gz
-----fail/hpc/group/cosmology/phy-lsst/public/dc2_sim_output/truth/coadd/dc2_index_56.06_-37.5.fits.gz
-----fail/hpc/group/cosmology/phy-lsst/public/dc2_sim_output/truth/coadd/dc2_index_56.08_-39.4.fits.gz
-----fail/hpc/group/cosmology/phy-lsst/public/dc2_sim_output/truth/coadd/dc2_index_56.08_-40.4.fits.gz
-----fail/hpc/group/cosmology/phy-lsst/public/dc2_sim_output/truth/coadd/dc2_index_56.09_-37.8.fits.gz
-----fail/hpc/group/cosmology/phy-lsst/public/dc2_sim_output/truth/coadd/dc2_index_56.09_-38.4.fits.gz
-----fail/hpc/group/cosmology/phy-lsst/public/dc2_sim_output/truth/coadd/dc2_index_56.09_-42.1.fits.gz
-----fail/hpc/group/cosmology/phy-lsst/public/dc2_sim_output/truth/coadd/dc2_index_56.10_-39.0.fits.gz
-----fail/hpc/group/cosmology/phy-lsst/public/dc2_sim_output/truth/coadd/dc2_index_56.10_-40.0.fits.gz
-----fail/hpc/group/cosmology/phy-lsst/public/dc2_sim_output/truth/coadd/dc2_index_56.10_-41.8.fits.gz
-----fail/hpc/group/cosmology/phy-lsst/public/dc2_sim_output/truth/coadd/dc2_index_56.11_-41.4.fits.gz
-----fail/hpc/group/cosmology/phy-lsst/public/dc2_sim_output/truth/coadd/dc2_index_56.12_-38.0.fits.gz
-----fail/hpc/group/cosmology/phy-lsst/public/dc2_sim_output/truth/coadd/dc2_index_56.12_-39.6.fits.gz
-----fail/hpc/group/cosmology/phy-lsst/public/dc2_sim_output/truth/coadd/dc2_index_56.12_-41.0.fits.gz
-----fail/hpc/group/cosmology/phy-lsst/public/dc2_sim_output/truth/coadd/dc2_index_56.13_-38.6.fits.gz
-----fail/hpc/group/cosmology/phy-lsst/public/dc2_sim_output/truth/coadd/dc2_index_56.13_-40.6.fits.gz
-----fail/hpc/group/cosmology/phy-lsst/public/dc2_sim_output/truth/coadd/dc2_index_56.14_-39.3.fits.gz
-----fail/hpc/group/cosmology/phy-lsst/public/dc2_sim_output/truth/coadd/dc2_index_56.14_-40.3.fits.gz
-----fail/hpc/group/cosmology/phy-lsst/public/dc2_sim_output/truth/coadd/dc2_index_56.15_-37.6.fits.gz
-----fail/hpc/group/cosmology/phy-lsst/public/dc2_sim_output/truth/coadd/dc2_index_56.15_-38.3.fits.gz
-----fail/hpc/group/cosmology/phy-lsst/public/dc2_sim_output/truth/coadd/dc2_index_56.15_-42.0.fits.gz
-----fail/hpc/group/cosmology/phy-lsst/public/dc2_sim_output/truth/coadd/dc2_index_56.15_-42.4.fits.gz
-----fail/hpc/group/cosmology/phy-lsst/public/dc2_sim_output/truth/coadd/dc2_index_56.16_-38.9.fits.gz
-----fail/hpc/group/cosmology/phy-lsst/public/dc2_sim_output/truth/coadd/dc2_index_56.16_-39.9.fits.gz
-----fail/hpc/group/cosmology/phy-lsst/public/dc2_sim_output/truth/coadd/dc2_index_56.16_-41.3.fits.gz
-----fail/hpc/group/cosmology/phy-lsst/public/dc2_sim_output/truth/coadd/dc2_index_56.16_-41.6.fits.gz
-----fail/hpc/group/cosmology/phy-lsst/public/dc2_sim_output/truth/coadd/dc2_index_56.17_-40.9.fits.gz
-----fail/hpc/group/cosmology/phy-lsst/public/dc2_sim_output/truth/coadd/dc2_index_56.18_-37.9.fits.gz
-----fail/hpc/group/cosmology/phy-lsst/public/dc2_sim_output/truth/coadd/dc2_index_56.18_-39.5.fits.gz
-----fail/hpc/group/cosmology/phy-lsst/public/dc2_sim_output/truth/coadd/dc2_index_56.19_-38.5.fits.gz
-----fail/hpc/group/cosmology/phy-lsst/public/dc2_sim_output/truth/coadd/dc2_index_56.19_-40.5.fits.gz
-----fail/hpc/group/cosmology/phy-lsst/public/dc2_sim_output/truth/coadd/dc2_index_56.20_-39.1.fits.gz
-----fail/hpc/group/cosmology/phy-lsst/public/dc2_sim_output/truth/coadd/dc2_index_56.20_-40.1.fits.gz
-----fail/hpc/group/cosmology/phy-lsst/public/dc2_sim_output/truth/coadd/dc2_index_56.20_-42.3.fits.gz
-----fail/hpc/group/cosmology/phy-lsst/public/dc2_sim_output/truth/coadd/dc2_index_56.21_-37.5.fits.gz
-----fail/hpc/group/cosmology/phy-lsst/public/dc2_sim_output/truth/coadd/dc2_index_56.21_-41.5.fits.gz
-----fail/hpc/group/cosmology/phy-lsst/public/dc2_sim_output/truth/coadd/dc2_index_56.21_-41.9.fits.gz
-----fail/hpc/group/cosmology/phy-lsst/public/dc2_sim_output/truth/coadd/dc2_index_56.22_-38.1.fits.gz
-----fail/hpc/group/cosmology/phy-lsst/public/dc2_sim_output/truth/coadd/dc2_index_56.22_-39.8.fits.gz
-----fail/hpc/group/cosmology/phy-lsst/public/dc2_sim_output/truth/coadd/dc2_index_56.22_-41.1.fits.gz
-----fail/hpc/group/cosmology/phy-lsst/public/dc2_sim_output/truth/coadd/dc2_index_56.23_-38.8.fits.gz
-----fail/hpc/group/cosmology/phy-lsst/public/dc2_sim_output/truth/coadd/dc2_index_56.23_-40.8.fits.gz
-----fail/hpc/group/cosmology/phy-lsst/public/dc2_sim_output/truth/coadd/dc2_index_56.24_-39.4.fits.gz
-----fail/hpc/group/cosmology/phy-lsst/public/dc2_sim_output/truth/coadd/dc2_index_56.25_-37.8.fits.gz
-----fail/hpc/group/cosmology/phy-lsst/public/dc2_sim_output/truth/coadd/dc2_index_56.25_-38.4.fits.gz
-----fail/hpc/group/cosmology/phy-lsst/public/dc2_sim_output/truth/coadd/dc2_index_56.25_-40.4.fits.gz
-----fail/hpc/group/cosmology/phy-lsst/public/dc2_sim_output/truth/coadd/dc2_index_56.26_-39.0.fits.gz
-----fail/hpc/group/cosmology/phy-lsst/public/dc2_sim_output/truth/coadd/dc2_index_56.26_-40.0.fits.gz
-----fail/hpc/group/cosmology/phy-lsst/public/dc2_sim_output/truth/coadd/dc2_index_56.26_-42.1.fits.gz
-----fail/hpc/group/cosmology/phy-lsst/public/dc2_sim_output/truth/coadd/dc2_index_56.27_-41.4.fits.gz
-----fail/hpc/group/cosmology/phy-lsst/public/dc2_sim_output/truth/coadd/dc2_index_56.27_-41.8.fits.gz
-----fail/hpc/group/cosmology/phy-lsst/public/dc2_sim_output/truth/coadd/dc2_index_56.28_-38.0.fits.gz
-----fail/hpc/group/cosmology/phy-lsst/public/dc2_sim_output/truth/coadd/dc2_index_56.28_-39.6.fits.gz
-----fail/hpc/group/cosmology/phy-lsst/public/dc2_sim_output/truth/coadd/dc2_index_56.28_-41.0.fits.gz
-----fail/hpc/group/cosmology/phy-lsst/public/dc2_sim_output/truth/coadd/dc2_index_56.29_-38.6.fits.gz
-----fail/hpc/group/cosmology/phy-lsst/public/dc2_sim_output/truth/coadd/dc2_index_56.29_-40.6.fits.gz
-----fail/hpc/group/cosmology/phy-lsst/public/dc2_sim_output/truth/coadd/dc2_index_56.30_-39.3.fits.gz
-----fail/hpc/group/cosmology/phy-lsst/public/dc2_sim_output/truth/coadd/dc2_index_56.31_-37.6.fits.gz
-----fail/hpc/group/cosmology/phy-lsst/public/dc2_sim_output/truth/coadd/dc2_index_56.31_-38.3.fits.gz
-----fail/hpc/group/cosmology/phy-lsst/public/dc2_sim_output/truth/coadd/dc2_index_56.31_-40.3.fits.gz
-----fail/hpc/group/cosmology/phy-lsst/public/dc2_sim_output/truth/coadd/dc2_index_56.31_-42.4.fits.gz
-----fail/hpc/group/cosmology/phy-lsst/public/dc2_sim_output/truth/coadd/dc2_index_56.32_-38.9.fits.gz
-----fail/hpc/group/cosmology/phy-lsst/public/dc2_sim_output/truth/coadd/dc2_index_56.32_-39.9.fits.gz
-----fail/hpc/group/cosmology/phy-lsst/public/dc2_sim_output/truth/coadd/dc2_index_56.32_-41.6.fits.gz
-----fail/hpc/group/cosmology/phy-lsst/public/dc2_sim_output/truth/coadd/dc2_index_56.32_-42.0.fits.gz
-----fail/hpc/group/cosmology/phy-lsst/public/dc2_sim_output/truth/coadd/dc2_index_56.33_-41.3.fits.gz
-----fail/hpc/group/cosmology/phy-lsst/public/dc2_sim_output/truth/coadd/dc2_index_56.34_-37.9.fits.gz
-----fail/hpc/group/cosmology/phy-lsst/public/dc2_sim_output/truth/coadd/dc2_index_56.34_-39.5.fits.gz
-----fail/hpc/group/cosmology/phy-lsst/public/dc2_sim_output/truth/coadd/dc2_index_56.34_-40.9.fits.gz
-----fail/hpc/group/cosmology/phy-lsst/public/dc2_sim_output/truth/coadd/dc2_index_56.35_-38.5.fits.gz
-----fail/hpc/group/cosmology/phy-lsst/public/dc2_sim_output/truth/coadd/dc2_index_56.35_-40.5.fits.gz
-----fail/hpc/group/cosmology/phy-lsst/public/dc2_sim_output/truth/coadd/dc2_index_56.36_-39.1.fits.gz
-----fail/hpc/group/cosmology/phy-lsst/public/dc2_sim_output/truth/coadd/dc2_index_56.37_-37.5.fits.gz
-----fail/hpc/group/cosmology/phy-lsst/public/dc2_sim_output/truth/coadd/dc2_index_56.37_-40.1.fits.gz
-----fail/hpc/group/cosmology/phy-lsst/public/dc2_sim_output/truth/coadd/dc2_index_56.37_-42.3.fits.gz
-----fail/hpc/group/cosmology/phy-lsst/public/dc2_sim_output/truth/coadd/dc2_index_56.38_-38.1.fits.gz
-----fail/hpc/group/cosmology/phy-lsst/public/dc2_sim_output/truth/coadd/dc2_index_56.38_-39.8.fits.gz
-----fail/hpc/group/cosmology/phy-lsst/public/dc2_sim_output/truth/coadd/dc2_index_56.38_-41.5.fits.gz
-----fail/hpc/group/cosmology/phy-lsst/public/dc2_sim_output/truth/coadd/dc2_index_56.38_-41.9.fits.gz
-----fail/hpc/group/cosmology/phy-lsst/public/dc2_sim_output/truth/coadd/dc2_index_56.39_-38.8.fits.gz
-----fail/hpc/group/cosmology/phy-lsst/public/dc2_sim_output/truth/coadd/dc2_index_56.39_-41.1.fits.gz
-----fail/hpc/group/cosmology/phy-lsst/public/dc2_sim_output/truth/coadd/dc2_index_56.40_-37.8.fits.gz
-----fail/hpc/group/cosmology/phy-lsst/public/dc2_sim_output/truth/coadd/dc2_index_56.40_-39.4.fits.gz
-----fail/hpc/group/cosmology/phy-lsst/public/dc2_sim_output/truth/coadd/dc2_index_56.40_-40.8.fits.gz
-----fail/hpc/group/cosmology/phy-lsst/public/dc2_sim_output/truth/coadd/dc2_index_56.41_-38.4.fits.gz
-----fail/hpc/group/cosmology/phy-lsst/public/dc2_sim_output/truth/coadd/dc2_index_56.41_-40.4.fits.gz
-----fail/hpc/group/cosmology/phy-lsst/public/dc2_sim_output/truth/coadd/dc2_index_56.42_-39.0.fits.gz
-----fail/hpc/group/cosmology/phy-lsst/public/dc2_sim_output/truth/coadd/dc2_index_56.43_-40.0.fits.gz
-----fail/hpc/group/cosmology/phy-lsst/public/dc2_sim_output/truth/coadd/dc2_index_56.43_-41.8.fits.gz
-----fail/hpc/group/cosmology/phy-lsst/public/dc2_sim_output/truth/coadd/dc2_index_56.43_-42.1.fits.gz
-----fail/hpc/group/cosmology/phy-lsst/public/dc2_sim_output/truth/coadd/dc2_index_56.44_-38.0.fits.gz
-----fail/hpc/group/cosmology/phy-lsst/public/dc2_sim_output/truth/coadd/dc2_index_56.44_-39.6.fits.gz
-----fail/hpc/group/cosmology/phy-lsst/public/dc2_sim_output/truth/coadd/dc2_index_56.44_-41.4.fits.gz
-----fail/hpc/group/cosmology/phy-lsst/public/dc2_sim_output/truth/coadd/dc2_index_56.45_-38.6.fits.gz
-----fail/hpc/group/cosmology/phy-lsst/public/dc2_sim_output/truth/coadd/dc2_index_56.45_-41.0.fits.gz
-----fail/hpc/group/cosmology/phy-lsst/public/dc2_sim_output/truth/coadd/dc2_index_56.46_-39.3.fits.gz
-----fail/hpc/group/cosmology/phy-lsst/public/dc2_sim_output/truth/coadd/dc2_index_56.46_-40.6.fits.gz
-----fail/hpc/group/cosmology/phy-lsst/public/dc2_sim_output/truth/coadd/dc2_index_56.47_-37.6.fits.gz
-----fail/hpc/group/cosmology/phy-lsst/public/dc2_sim_output/truth/coadd/dc2_index_56.47_-38.3.fits.gz
-----fail/hpc/group/cosmology/phy-lsst/public/dc2_sim_output/truth/coadd/dc2_index_56.47_-40.3.fits.gz
-----fail/hpc/group/cosmology/phy-lsst/public/dc2_sim_output/truth/coadd/dc2_index_56.48_-38.9.fits.gz
-----fail/hpc/group/cosmology/phy-lsst/public/dc2_sim_output/truth/coadd/dc2_index_56.49_-39.9.fits.gz
-----fail/hpc/group/cosmology/phy-lsst/public/dc2_sim_output/truth/coadd/dc2_index_56.49_-41.6.fits.gz
-----fail/hpc/group/cosmology/phy-lsst/public/dc2_sim_output/truth/coadd/dc2_index_56.49_-42.0.fits.gz
-----fail/hpc/group/cosmology/phy-lsst/public/dc2_sim_output/truth/coadd/dc2_index_56.50_-37.9.fits.gz
-----fail/hpc/group/cosmology/phy-lsst/public/dc2_sim_output/truth/coadd/dc2_index_56.50_-39.5.fits.gz
-----fail/hpc/group/cosmology/phy-lsst/public/dc2_sim_output/truth/coadd/dc2_index_56.50_-41.3.fits.gz
-----fail/hpc/group/cosmology/phy-lsst/public/dc2_sim_output/truth/coadd/dc2_index_56.51_-38.5.fits.gz
-----fail/hpc/group/cosmology/phy-lsst/public/dc2_sim_output/truth/coadd/dc2_index_56.51_-40.9.fits.gz
-----fail/hpc/group/cosmology/phy-lsst/public/dc2_sim_output/truth/coadd/dc2_index_56.52_-39.1.fits.gz
-----fail/hpc/group/cosmology/phy-lsst/public/dc2_sim_output/truth/coadd/dc2_index_56.52_-40.5.fits.gz
<class 'numpy.ndarray'>
<class 'numpy.ndarray'>
<class 'numpy.ndarray'>
<class 'numpy.ndarray'>
<class 'numpy.ndarray'>
