No artists with labels found to put in legend.  Note that artists whose label start with an underscore are ignored when legend() is called with no argument.
Traceback (most recent call last):
  File "/hpc/group/cosmology/denniswu/scripts/test.py", line 53, in <module>
    plt.savefig('scolnic/gal_star_hist.pdf')
  File "/hpc/group/cosmology/mambaforge/envs/simdevel/lib/python3.11/site-packages/matplotlib/pyplot.py", line 1119, in savefig
    res = fig.savefig(*args, **kwargs)  # type: ignore[func-returns-value]
          ^^^^^^^^^^^^^^^^^^^^^^^^^^^^
  File "/hpc/group/cosmology/mambaforge/envs/simdevel/lib/python3.11/site-packages/matplotlib/figure.py", line 3390, in savefig
    self.canvas.print_figure(fname, **kwargs)
  File "/hpc/group/cosmology/mambaforge/envs/simdevel/lib/python3.11/site-packages/matplotlib/backend_bases.py", line 2187, in print_figure
    result = print_method(
             ^^^^^^^^^^^^^
  File "/hpc/group/cosmology/mambaforge/envs/simdevel/lib/python3.11/site-packages/matplotlib/backend_bases.py", line 2043, in <lambda>
    print_method = functools.wraps(meth)(lambda *args, **kwargs: meth(
                                                                 ^^^^^
  File "/hpc/group/cosmology/mambaforge/envs/simdevel/lib/python3.11/site-packages/matplotlib/backends/backend_pdf.py", line 2800, in print_pdf
    file = PdfFile(filename, metadata=metadata)
           ^^^^^^^^^^^^^^^^^^^^^^^^^^^^^^^^^^^^
  File "/hpc/group/cosmology/mambaforge/envs/simdevel/lib/python3.11/site-packages/matplotlib/backends/backend_pdf.py", line 688, in __init__
    fh, opened = cbook.to_filehandle(filename, "wb", return_opened=True)
                 ^^^^^^^^^^^^^^^^^^^^^^^^^^^^^^^^^^^^^^^^^^^^^^^^^^^^^^^
  File "/hpc/group/cosmology/mambaforge/envs/simdevel/lib/python3.11/site-packages/matplotlib/cbook.py", line 483, in to_filehandle
    fh = open(fname, flag, encoding=encoding)
         ^^^^^^^^^^^^^^^^^^^^^^^^^^^^^^^^^^^^
FileNotFoundError: [Errno 2] No such file or directory: 'scolnic/gal_star_hist.pdf'
